<?xml version="1.0" encoding="UTF-8"?>
<testsuite xmlns:xsi="http://www.w3.org/2001/XMLSchema-instance" xsi:schemaLocation="https://maven.apache.org/surefire/maven-surefire-plugin/xsd/surefire-test-report.xsd" name="com.terpel.poc.wsterpeleds.IntegrationUnitTest" time="8.661" tests="3" errors="2" skipped="1" failures="0">
  <properties>
    <property name="java.runtime.name" value="OpenJDK Runtime Environment"/>
    <property name="sun.boot.library.path" value="/usr/lib/jvm/java-1.8.0-openjdk-1.8.0.252.b09-0.fc31.x86_64/jre/lib/amd64"/>
    <property name="java.vm.version" value="25.252-b09"/>
    <property name="java.vm.vendor" value="Oracle Corporation"/>
    <property name="maven.multiModuleProjectDirectory" value="/home/juan.garcia/workspace-archetype/workspace-terpel/ws-terpel-eds"/>
    <property name="java.vendor.url" value="http://java.oracle.com/"/>
    <property name="path.separator" value=":"/>
    <property name="guice.disable.misplaced.annotation.check" value="true"/>
    <property name="java.vm.name" value="OpenJDK 64-Bit Server VM"/>
    <property name="file.encoding.pkg" value="sun.io"/>
    <property name="user.country" value="CO"/>
    <property name="sun.java.launcher" value="SUN_STANDARD"/>
    <property name="sun.os.patch.level" value="unknown"/>
    <property name="java.vm.specification.name" value="Java Virtual Machine Specification"/>
    <property name="user.dir" value="/home/juan.garcia/workspace-archetype/workspace-terpel/ws-terpel-eds"/>
    <property name="java.runtime.version" value="1.8.0_252-b09"/>
    <property name="java.awt.graphicsenv" value="sun.awt.X11GraphicsEnvironment"/>
    <property name="java.endorsed.dirs" value="/usr/lib/jvm/java-1.8.0-openjdk-1.8.0.252.b09-0.fc31.x86_64/jre/lib/endorsed"/>
    <property name="os.arch" value="amd64"/>
    <property name="java.io.tmpdir" value="/tmp"/>
    <property name="line.separator" value="&#10;"/>
    <property name="java.vm.specification.vendor" value="Oracle Corporation"/>
    <property name="os.name" value="Linux"/>
    <property name="classworlds.conf" value="/usr/share/maven/bin/m2.conf"/>
    <property name="sun.jnu.encoding" value="UTF-8"/>
    <property name="java.library.path" value="/usr/java/packages/lib/amd64:/usr/lib64:/lib64:/lib:/usr/lib"/>
    <property name="maven.conf" value="/usr/share/maven/conf"/>
    <property name="java.specification.name" value="Java Platform API Specification"/>
    <property name="java.class.version" value="52.0"/>
    <property name="sun.management.compiler" value="HotSpot 64-Bit Tiered Compilers"/>
    <property name="os.version" value="5.6.19-200.fc31.x86_64"/>
    <property name="library.jansi.path" value="/usr/share/maven/lib/jansi-native"/>
    <property name="user.home" value="/home/juan.garcia"/>
    <property name="user.timezone" value="America/Bogota"/>
    <property name="java.awt.printerjob" value="sun.print.PSPrinterJob"/>
    <property name="java.specification.version" value="1.8"/>
    <property name="file.encoding" value="UTF-8"/>
    <property name="user.name" value="juan.garcia"/>
    <property name="java.class.path" value="/usr/share/java/plexus-classworlds.jar"/>
    <property name="java.vm.specification.version" value="1.8"/>
    <property name="sun.arch.data.model" value="64"/>
    <property name="java.home" value="/usr/lib/jvm/java-1.8.0-openjdk-1.8.0.252.b09-0.fc31.x86_64/jre"/>
    <property name="sun.java.command" value="org.codehaus.plexus.classworlds.launcher.Launcher clean install"/>
    <property name="java.specification.vendor" value="Oracle Corporation"/>
    <property name="user.language" value="es"/>
    <property name="awt.toolkit" value="sun.awt.X11.XToolkit"/>
    <property name="java.vm.info" value="mixed mode"/>
    <property name="java.version" value="1.8.0_252"/>
    <property name="java.ext.dirs" value="/usr/lib/jvm/java-1.8.0-openjdk-1.8.0.252.b09-0.fc31.x86_64/jre/lib/ext:/usr/java/packages/lib/ext"/>
    <property name="sun.boot.class.path" value="/usr/lib/jvm/java-1.8.0-openjdk-1.8.0.252.b09-0.fc31.x86_64/jre/lib/resources.jar:/usr/lib/jvm/java-1.8.0-openjdk-1.8.0.252.b09-0.fc31.x86_64/jre/lib/rt.jar:/usr/lib/jvm/java-1.8.0-openjdk-1.8.0.252.b09-0.fc31.x86_64/jre/lib/sunrsasign.jar:/usr/lib/jvm/java-1.8.0-openjdk-1.8.0.252.b09-0.fc31.x86_64/jre/lib/jsse.jar:/usr/lib/jvm/java-1.8.0-openjdk-1.8.0.252.b09-0.fc31.x86_64/jre/lib/jce.jar:/usr/lib/jvm/java-1.8.0-openjdk-1.8.0.252.b09-0.fc31.x86_64/jre/lib/charsets.jar:/usr/lib/jvm/java-1.8.0-openjdk-1.8.0.252.b09-0.fc31.x86_64/jre/lib/jfr.jar:/usr/lib/jvm/java-1.8.0-openjdk-1.8.0.252.b09-0.fc31.x86_64/jre/classes"/>
    <property name="java.vendor" value="Oracle Corporation"/>
    <property name="maven.home" value="/usr/share/maven"/>
    <property name="file.separator" value="/"/>
    <property name="java.vendor.url.bug" value="http://bugreport.sun.com/bugreport/"/>
    <property name="sun.cpu.endian" value="little"/>
    <property name="sun.io.unicode.encoding" value="UnicodeLittle"/>
    <property name="sun.cpu.isalist" value=""/>
  </properties>
  <testcase name="failedRequestTransformationTest" classname="com.terpel.poc.wsterpeleds.IntegrationUnitTest" time="0.514">
    <error message="org.apache.camel.FailedToCreateRouteException: Failed to create route wsterpeleds_rest_producer_eds at: &gt;&gt;&gt; SetHeader[CamelVelocityResourceUri, simple{Simple: {{TEMPLATE_EDS}}}] &lt;&lt;&lt; in route: Route(wsterpeleds_rest_producer_eds)[[From[direct:restProduc... because of Property with key [TEMPLATE_EDS] not found in properties from text: {{TEMPLATE_EDS}}" type="org.apache.camel.RuntimeCamelException"><![CDATA[org.apache.camel.RuntimeCamelException: org.apache.camel.FailedToCreateRouteException: Failed to create route wsterpeleds_rest_producer_eds at: >>> SetHeader[CamelVelocityResourceUri, simple{Simple: {{TEMPLATE_EDS}}}] <<< in route: Route(wsterpeleds_rest_producer_eds)[[From[direct:restProduc... because of Property with key [TEMPLATE_EDS] not found in properties from text: {{TEMPLATE_EDS}}
	at com.terpel.poc.wsterpeleds.IntegrationUnitTest.failedRequestTransformationTest(IntegrationUnitTest.java:89)
Caused by: org.apache.camel.FailedToCreateRouteException: Failed to create route wsterpeleds_rest_producer_eds at: >>> SetHeader[CamelVelocityResourceUri, simple{Simple: {{TEMPLATE_EDS}}}] <<< in route: Route(wsterpeleds_rest_producer_eds)[[From[direct:restProduc... because of Property with key [TEMPLATE_EDS] not found in properties from text: {{TEMPLATE_EDS}}
	at com.terpel.poc.wsterpeleds.IntegrationUnitTest.failedRequestTransformationTest(IntegrationUnitTest.java:89)
Caused by: java.lang.IllegalArgumentException: Property with key [TEMPLATE_EDS] not found in properties from text: {{TEMPLATE_EDS}}
	at com.terpel.poc.wsterpeleds.IntegrationUnitTest.failedRequestTransformationTest(IntegrationUnitTest.java:89)
]]></error>
    <system-out><![CDATA[#logback.classic pattern: %d [%-15.15t] %-5p %-10.10c{1} - %-10.10X{camel.exchangeId} - %-20.20X{camel.routeId} - %m%n
2020-07-14 12:38:24,695 [main           ] INFO  otstrapper -            -                      - Neither @ContextConfiguration nor @ContextHierarchy found for test class [com.terpel.poc.wsterpeleds.IntegrationUnitTest], using SpringBootContextLoader
2020-07-14 12:38:24,703 [main           ] INFO  textLoader -            -                      - Could not detect default resource locations for test class [com.terpel.poc.wsterpeleds.IntegrationUnitTest]: no resource found for suffixes {-context.xml, Context.groovy}.
2020-07-14 12:38:24,788 [main           ] INFO  otstrapper -            -                      - Loaded default TestExecutionListener class names from location [META-INF/spring.factories]: [org.springframework.test.context.web.ServletTestExecutionListener, org.springframework.test.context.support.DirtiesContextBeforeModesTestExecutionListener, org.springframework.test.context.support.DependencyInjectionTestExecutionListener, org.springframework.test.context.support.DirtiesContextTestExecutionListener, org.springframework.test.context.transaction.TransactionalTestExecutionListener, org.springframework.test.context.jdbc.SqlScriptsTestExecutionListener, org.springframework.boot.test.mock.mockito.MockitoTestExecutionListener, org.springframework.boot.test.mock.mockito.ResetMocksTestExecutionListener, org.springframework.boot.test.autoconfigure.restdocs.RestDocsTestExecutionListener, org.springframework.boot.test.autoconfigure.web.client.MockRestServiceServerResetTestExecutionListener, org.springframework.boot.test.autoconfigure.web.servlet.MockMvcPrintOnlyOnFailureTestExecutionListener, org.springframework.boot.test.autoconfigure.web.servlet.WebDriverTestExecutionListener]
2020-07-14 12:38:24,829 [main           ] INFO  otstrapper -            -                      - Using TestExecutionListeners: [org.springframework.test.context.web.ServletTestExecutionListener@128d2484, org.springframework.test.context.support.DirtiesContextBeforeModesTestExecutionListener@7cc0cdad, org.springframework.boot.test.mock.mockito.MockitoTestExecutionListener@7c7b252e, org.springframework.boot.test.autoconfigure.SpringBootDependencyInjectionTestExecutionListener@4d5d943d, org.springframework.test.context.support.DirtiesContextTestExecutionListener@368f2016, org.springframework.test.context.transaction.TransactionalTestExecutionListener@4c583ecf, org.springframework.test.context.jdbc.SqlScriptsTestExecutionListener@692f203f, org.springframework.boot.test.mock.mockito.ResetMocksTestExecutionListener@48f2bd5b, org.springframework.boot.test.autoconfigure.restdocs.RestDocsTestExecutionListener@7b2bbc3, org.springframework.boot.test.autoconfigure.web.client.MockRestServiceServerResetTestExecutionListener@a1153bc, org.springframework.boot.test.autoconfigure.web.servlet.MockMvcPrintOnlyOnFailureTestExecutionListener@1aafa419, org.springframework.boot.test.autoconfigure.web.servlet.WebDriverTestExecutionListener@47eaca72]
2020-07-14 12:38:24,867 [main           ] INFO  onListener -            -                      - @RunWith(CamelSpringBootRunner.class) preparing: class com.terpel.poc.wsterpeleds.IntegrationUnitTest
#logback.classic pattern: %d [%-15.15t] %-5p %-10.10c{1} - %-10.10X{camel.exchangeId} - %-20.20X{camel.routeId} - %m%n

  .   ____          _            __ _ _
 /\\ / ___'_ __ _ _(_)_ __  __ _ \ \ \ \
( ( )\___ | '_ | '_| | '_ \/ _` | \ \ \ \
 \\/  ___)| |_)| | | | | || (_| |  ) ) ) )
  '  |____| .__|_| |_|_| |_\__, | / / / /
 =========|_|==============|___/=/_/_/_/
 :: Spring Boot ::       (v1.5.17.RELEASE)

2020-07-14 12:38:25,230 [main           ] INFO  onUnitTest -            -                      - Starting IntegrationUnitTest on localhost.localdomain with PID 19417 (started by juan.garcia in /home/juan.garcia/workspace-archetype/workspace-terpel/ws-terpel-eds)
2020-07-14 12:38:25,232 [main           ] INFO  onUnitTest -            -                      - No active profile set, falling back to default profiles: default
2020-07-14 12:38:25,252 [main           ] INFO  ionContext -            -                      - Refreshing org.springframework.web.context.support.GenericWebApplicationContext@5e3f861: startup date [Tue Jul 14 12:38:25 COT 2020]; root of context hierarchy
2020-07-14 12:38:25,716 [kground-preinit] INFO  .u.Version -            -                      - HV000001: Hibernate Validator 5.3.5.Final-redhat-2
2020-07-14 12:38:27,088 [main           ] INFO  sorChecker -            -                      - Bean 'org.apache.camel.spring.boot.CamelAutoConfiguration' of type [org.apache.camel.spring.boot.CamelAutoConfiguration$$EnhancerBySpringCGLIB$$9c94575] is not eligible for getting processed by all BeanPostProcessors (for example: not eligible for auto-proxying)
2020-07-14 12:38:28,307 [main           ] INFO  lerAdapter -            -                      - Looking for @ControllerAdvice: org.springframework.web.context.support.GenericWebApplicationContext@5e3f861: startup date [Tue Jul 14 12:38:25 COT 2020]; root of context hierarchy
2020-07-14 12:38:28,421 [main           ] INFO  lerMapping -            -                      - Mapped "{[/error]}" onto public org.springframework.http.ResponseEntity<java.util.Map<java.lang.String, java.lang.Object>> org.springframework.boot.autoconfigure.web.BasicErrorController.error(javax.servlet.http.HttpServletRequest)
2020-07-14 12:38:28,422 [main           ] INFO  lerMapping -            -                      - Mapped "{[/error],produces=[text/html]}" onto public org.springframework.web.servlet.ModelAndView org.springframework.boot.autoconfigure.web.BasicErrorController.errorHtml(javax.servlet.http.HttpServletRequest,javax.servlet.http.HttpServletResponse)
2020-07-14 12:38:28,489 [main           ] INFO  lerMapping -            -                      - Mapped URL path [/webjars/**] onto handler of type [class org.springframework.web.servlet.resource.ResourceHttpRequestHandler]
2020-07-14 12:38:28,490 [main           ] INFO  lerMapping -            -                      - Mapped URL path [/**] onto handler of type [class org.springframework.web.servlet.resource.ResourceHttpRequestHandler]
2020-07-14 12:38:28,571 [main           ] INFO  lerMapping -            -                      - Mapped URL path [/**/favicon.ico] onto handler of type [class org.springframework.web.servlet.resource.ResourceHttpRequestHandler]
2020-07-14 12:38:28,834 [main           ] INFO  eConverter -            -                      - Type converters loaded (core: 194, classpath: 29)
2020-07-14 12:38:29,769 [main           ] INFO  lerMapping -            -                      - Mapped "{[/health || /health.json],methods=[GET],produces=[application/vnd.spring-boot.actuator.v1+json || application/json]}" onto public java.lang.Object org.springframework.boot.actuate.endpoint.mvc.HealthMvcEndpoint.invoke(javax.servlet.http.HttpServletRequest,java.security.Principal)
2020-07-14 12:38:30,068 [main           ] INFO  eProcessor -            -                      - Starting beans in phase 2147483647
2020-07-14 12:38:30,181 [main           ] INFO  sCollector -            -                      - Loading additional Camel XML routes from: classpath:camel/*.xml
2020-07-14 12:38:30,181 [main           ] INFO  sCollector -            -                      - Loading additional Camel XML rests from: classpath:camel-rest/*.xml
2020-07-14 12:38:30,206 [main           ] INFO  onUnitTest -            -                      - Started IntegrationUnitTest in 5.229 seconds (JVM running for 6.101)
2020-07-14 12:38:30,213 [main           ] INFO  onsHandler -            -                      - Setting shutdown timeout to [10 SECONDS] on CamelContext with name [camelContext].
2020-07-14 12:38:30,214 [main           ] INFO  onsHandler -            -                      - Enabling auto mocking and skipping of endpoints matching pattern [direct:amqNotificationProducerRoute|direct:restProducerRoute] on CamelContext with name [camelContext].
2020-07-14 12:38:30,286 [main           ] INFO  onListener -            -                      - @RunWith(CamelSpringBootRunner.class) before: class com.terpel.poc.wsterpeleds.IntegrationUnitTest.failedRequestTransformationTest
2020-07-14 12:38:30,288 [main           ] INFO  onListener -            -                      - Initialized CamelSpringBootRunner now ready to start CamelContext
2020-07-14 12:38:30,288 [main           ] INFO  onsHandler -            -                      - Skipping starting CamelContext(s) as UseAdviceWith annotation was found and isUseAdviceWith is set to true.
2020-07-14 12:38:30,319 [main           ] INFO  melContext -            -                      - Apache Camel 2.21.0.fuse-730078-redhat-00001 (CamelContext: camel-1) is starting
2020-07-14 12:38:30,322 [main           ] INFO  melContext -            -                      - StreamCaching is enabled on CamelContext: camel-1
2020-07-14 12:38:30,322 [main           ] INFO  melContext -            -                      - MDC logging is enabled on CamelContext: camel-1
2020-07-14 12:38:30,322 [main           ] INFO  ntStrategy -            -                      - JMX is enabled
2020-07-14 12:38:30,457 [main           ] INFO  ntStrategy -            -                      - Adviced endpoint [direct://amqNotificationProducerRoute] with mock endpoint [mock:direct:amqNotificationProducerRoute]
2020-07-14 12:38:30,687 [main           ] INFO  pComponent -            -                      - Created ClientConnectionManager org.apache.http.impl.conn.PoolingHttpClientConnectionManager@24563809
2020-07-14 12:38:30,733 [main           ] INFO  pComponent -            -                      - Created ClientConnectionManager org.apache.http.impl.conn.PoolingHttpClientConnectionManager@61607ff0
2020-07-14 12:38:30,743 [main           ] INFO  melContext -            -                      - Apache Camel 2.21.0.fuse-730078-redhat-00001 (CamelContext: camel-1) is shutting down
2020-07-14 12:38:30,773 [main           ] INFO  melContext -            -                      - Apache Camel 2.21.0.fuse-730078-redhat-00001 (CamelContext: camel-1) uptime 0.453 seconds
2020-07-14 12:38:30,773 [main           ] INFO  melContext -            -                      - Apache Camel 2.21.0.fuse-730078-redhat-00001 (CamelContext: camel-1) is shutdown in 0.030 seconds
2020-07-14 12:38:30,782 [main           ] INFO  ionContext -            -                      - Closing org.springframework.web.context.support.GenericWebApplicationContext@5e3f861: startup date [Tue Jul 14 12:38:25 COT 2020]; root of context hierarchy
2020-07-14 12:38:30,784 [main           ] INFO  eProcessor -            -                      - Stopping beans in phase 2147483647
2020-07-14 12:38:30,789 [main           ] INFO  onUnitTest -            -                      - ********************************************************************************
2020-07-14 12:38:30,789 [main           ] INFO  onUnitTest -            -                      - Testing done: failedRequestTransformationTest(com.terpel.poc.wsterpeleds.IntegrationUnitTest)
2020-07-14 12:38:30,789 [main           ] INFO  onUnitTest -            -                      - Took: 0.501 seconds (501 millis)
2020-07-14 12:38:30,789 [main           ] INFO  onUnitTest -            -                      - ********************************************************************************
]]></system-out>
  </testcase>
  <testcase name="successRequestTransformationTest" classname="com.terpel.poc.wsterpeleds.IntegrationUnitTest" time="0.175">
    <error message="org.apache.camel.FailedToCreateRouteException: Failed to create route wsterpeleds_rest_producer_eds at: &gt;&gt;&gt; SetHeader[CamelVelocityResourceUri, simple{Simple: {{TEMPLATE_EDS}}}] &lt;&lt;&lt; in route: Route(wsterpeleds_rest_producer_eds)[[From[direct:restProduc... because of Property with key [TEMPLATE_EDS] not found in properties from text: {{TEMPLATE_EDS}}" type="org.apache.camel.RuntimeCamelException"><![CDATA[org.apache.camel.RuntimeCamelException: org.apache.camel.FailedToCreateRouteException: Failed to create route wsterpeleds_rest_producer_eds at: >>> SetHeader[CamelVelocityResourceUri, simple{Simple: {{TEMPLATE_EDS}}}] <<< in route: Route(wsterpeleds_rest_producer_eds)[[From[direct:restProduc... because of Property with key [TEMPLATE_EDS] not found in properties from text: {{TEMPLATE_EDS}}
	at com.terpel.poc.wsterpeleds.IntegrationUnitTest.successRequestTransformationTest(IntegrationUnitTest.java:73)
Caused by: org.apache.camel.FailedToCreateRouteException: Failed to create route wsterpeleds_rest_producer_eds at: >>> SetHeader[CamelVelocityResourceUri, simple{Simple: {{TEMPLATE_EDS}}}] <<< in route: Route(wsterpeleds_rest_producer_eds)[[From[direct:restProduc... because of Property with key [TEMPLATE_EDS] not found in properties from text: {{TEMPLATE_EDS}}
	at com.terpel.poc.wsterpeleds.IntegrationUnitTest.successRequestTransformationTest(IntegrationUnitTest.java:73)
Caused by: java.lang.IllegalArgumentException: Property with key [TEMPLATE_EDS] not found in properties from text: {{TEMPLATE_EDS}}
	at com.terpel.poc.wsterpeleds.IntegrationUnitTest.successRequestTransformationTest(IntegrationUnitTest.java:73)
]]></error>
    <system-out><![CDATA[2020-07-14 12:38:30,816 [main           ] INFO  onListener -            -                      - @RunWith(CamelSpringBootRunner.class) preparing: class com.terpel.poc.wsterpeleds.IntegrationUnitTest
#logback.classic pattern: %d [%-15.15t] %-5p %-10.10c{1} - %-10.10X{camel.exchangeId} - %-20.20X{camel.routeId} - %m%n

  .   ____          _            __ _ _
 /\\ / ___'_ __ _ _(_)_ __  __ _ \ \ \ \
( ( )\___ | '_ | '_| | '_ \/ _` | \ \ \ \
 \\/  ___)| |_)| | | | | || (_| |  ) ) ) )
  '  |____| .__|_| |_|_| |_\__, | / / / /
 =========|_|==============|___/=/_/_/_/
 :: Spring Boot ::       (v1.5.17.RELEASE)

2020-07-14 12:38:30,910 [main           ] INFO  onUnitTest -            -                      - Starting IntegrationUnitTest on localhost.localdomain with PID 19417 (started by juan.garcia in /home/juan.garcia/workspace-archetype/workspace-terpel/ws-terpel-eds)
2020-07-14 12:38:30,910 [main           ] INFO  onUnitTest -            -                      - No active profile set, falling back to default profiles: default
2020-07-14 12:38:30,915 [main           ] INFO  ionContext -            -                      - Refreshing org.springframework.web.context.support.GenericWebApplicationContext@16cbba0f: startup date [Tue Jul 14 12:38:30 COT 2020]; root of context hierarchy
2020-07-14 12:38:31,373 [main           ] INFO  sorChecker -            -                      - Bean 'org.apache.camel.spring.boot.CamelAutoConfiguration' of type [org.apache.camel.spring.boot.CamelAutoConfiguration$$EnhancerBySpringCGLIB$$9c94575] is not eligible for getting processed by all BeanPostProcessors (for example: not eligible for auto-proxying)
2020-07-14 12:38:31,885 [main           ] INFO  lerAdapter -            -                      - Looking for @ControllerAdvice: org.springframework.web.context.support.GenericWebApplicationContext@16cbba0f: startup date [Tue Jul 14 12:38:30 COT 2020]; root of context hierarchy
2020-07-14 12:38:31,906 [main           ] INFO  lerMapping -            -                      - Mapped "{[/error]}" onto public org.springframework.http.ResponseEntity<java.util.Map<java.lang.String, java.lang.Object>> org.springframework.boot.autoconfigure.web.BasicErrorController.error(javax.servlet.http.HttpServletRequest)
2020-07-14 12:38:31,908 [main           ] INFO  lerMapping -            -                      - Mapped "{[/error],produces=[text/html]}" onto public org.springframework.web.servlet.ModelAndView org.springframework.boot.autoconfigure.web.BasicErrorController.errorHtml(javax.servlet.http.HttpServletRequest,javax.servlet.http.HttpServletResponse)
2020-07-14 12:38:31,935 [main           ] INFO  lerMapping -            -                      - Mapped URL path [/webjars/**] onto handler of type [class org.springframework.web.servlet.resource.ResourceHttpRequestHandler]
2020-07-14 12:38:31,935 [main           ] INFO  lerMapping -            -                      - Mapped URL path [/**] onto handler of type [class org.springframework.web.servlet.resource.ResourceHttpRequestHandler]
2020-07-14 12:38:31,969 [main           ] INFO  lerMapping -            -                      - Mapped URL path [/**/favicon.ico] onto handler of type [class org.springframework.web.servlet.resource.ResourceHttpRequestHandler]
2020-07-14 12:38:32,053 [main           ] INFO  eConverter -            -                      - Type converters loaded (core: 194, classpath: 29)
2020-07-14 12:38:32,615 [main           ] INFO  lerMapping -            -                      - Mapped "{[/health || /health.json],methods=[GET],produces=[application/vnd.spring-boot.actuator.v1+json || application/json]}" onto public java.lang.Object org.springframework.boot.actuate.endpoint.mvc.HealthMvcEndpoint.invoke(javax.servlet.http.HttpServletRequest,java.security.Principal)
2020-07-14 12:38:32,766 [main           ] INFO  eProcessor -            -                      - Starting beans in phase 2147483647
2020-07-14 12:38:32,770 [main           ] INFO  sCollector -            -                      - Loading additional Camel XML routes from: classpath:camel/*.xml
2020-07-14 12:38:32,771 [main           ] INFO  sCollector -            -                      - Loading additional Camel XML rests from: classpath:camel-rest/*.xml
2020-07-14 12:38:32,782 [main           ] INFO  onUnitTest -            -                      - Started IntegrationUnitTest in 1.95 seconds (JVM running for 8.676)
2020-07-14 12:38:32,784 [main           ] INFO  onsHandler -            -                      - Setting shutdown timeout to [10 SECONDS] on CamelContext with name [camelContext].
2020-07-14 12:38:32,784 [main           ] INFO  onsHandler -            -                      - Enabling auto mocking and skipping of endpoints matching pattern [direct:amqNotificationProducerRoute|direct:restProducerRoute] on CamelContext with name [camelContext].
2020-07-14 12:38:32,802 [main           ] INFO  onListener -            -                      - @RunWith(CamelSpringBootRunner.class) before: class com.terpel.poc.wsterpeleds.IntegrationUnitTest.successRequestTransformationTest
2020-07-14 12:38:32,804 [main           ] INFO  onListener -            -                      - Initialized CamelSpringBootRunner now ready to start CamelContext
2020-07-14 12:38:32,804 [main           ] INFO  onsHandler -            -                      - Skipping starting CamelContext(s) as UseAdviceWith annotation was found and isUseAdviceWith is set to true.
2020-07-14 12:38:32,811 [main           ] INFO  melContext -            -                      - Apache Camel 2.21.0.fuse-730078-redhat-00001 (CamelContext: camel-2) is starting
2020-07-14 12:38:32,811 [main           ] INFO  melContext -            -                      - StreamCaching is enabled on CamelContext: camel-2
2020-07-14 12:38:32,814 [main           ] INFO  melContext -            -                      - MDC logging is enabled on CamelContext: camel-2
2020-07-14 12:38:32,815 [main           ] INFO  ntStrategy -            -                      - JMX is enabled
2020-07-14 12:38:32,851 [main           ] INFO  ntStrategy -            -                      - Adviced endpoint [direct://amqNotificationProducerRoute] with mock endpoint [mock:direct:amqNotificationProducerRoute]
2020-07-14 12:38:32,928 [main           ] INFO  pComponent -            -                      - Created ClientConnectionManager org.apache.http.impl.conn.PoolingHttpClientConnectionManager@13b409bb
2020-07-14 12:38:32,950 [main           ] INFO  pComponent -            -                      - Created ClientConnectionManager org.apache.http.impl.conn.PoolingHttpClientConnectionManager@25699129
2020-07-14 12:38:32,957 [main           ] INFO  melContext -            -                      - Apache Camel 2.21.0.fuse-730078-redhat-00001 (CamelContext: camel-2) is shutting down
2020-07-14 12:38:32,963 [main           ] INFO  melContext -            -                      - Apache Camel 2.21.0.fuse-730078-redhat-00001 (CamelContext: camel-2) uptime 0.152 seconds
2020-07-14 12:38:32,963 [main           ] INFO  melContext -            -                      - Apache Camel 2.21.0.fuse-730078-redhat-00001 (CamelContext: camel-2) is shutdown in 0.006 seconds
2020-07-14 12:38:32,968 [main           ] INFO  ionContext -            -                      - Closing org.springframework.web.context.support.GenericWebApplicationContext@16cbba0f: startup date [Tue Jul 14 12:38:30 COT 2020]; root of context hierarchy
2020-07-14 12:38:32,971 [main           ] INFO  eProcessor -            -                      - Stopping beans in phase 2147483647
2020-07-14 12:38:32,974 [main           ] INFO  onUnitTest -            -                      - ********************************************************************************
2020-07-14 12:38:32,974 [main           ] INFO  onUnitTest -            -                      - Testing done: successRequestTransformationTest(com.terpel.poc.wsterpeleds.IntegrationUnitTest)
2020-07-14 12:38:32,976 [main           ] INFO  onUnitTest -            -                      - Took: 0.170 seconds (170 millis)
2020-07-14 12:38:32,976 [main           ] INFO  onUnitTest -            -                      - ********************************************************************************
]]></system-out>
  </testcase>
  <testcase name="successdRequestEnrichTest" classname="com.terpel.poc.wsterpeleds.IntegrationUnitTest" time="0">
    <skipped/>
  </testcase>
</testsuite>